#! /usr/bin/vvp
:ivl_version "10.0 (stable)";
:ivl_delay_selection "TYPICAL";
:vpi_time_precision - 12;
:vpi_module "system";
:vpi_module "vhdl_sys";
:vpi_module "v2005_math";
:vpi_module "va_math";
S_0x55ada1fbbcc0 .scope module, "test" "test" 2 3;
 .timescale -9 -12;
v0x55ada1fdc350_0 .var "A", 31 0;
v0x55ada1fdc430_0 .var "B", 31 0;
v0x55ada1fdc500_0 .net "Y", 31 0, L_0x55ada1fdc6d0;  1 drivers
v0x55ada1fdc600_0 .var "sel", 0 0;
E_0x55ada1fb4820 .event edge, v0x55ada1fdc120_0, v0x55ada1fdc040_0, v0x55ada1fbc080_0;
S_0x55ada1fbbe40 .scope module, "mux1" "mux_5" 2 10, 3 2 0, S_0x55ada1fbbcc0;
 .timescale -9 -12;
    .port_info 0 /OUTPUT 32 "y"
    .port_info 1 /INPUT 32 "a"
    .port_info 2 /INPUT 32 "b"
    .port_info 3 /INPUT 1 "sel"
v0x55ada1fbc080_0 .net "a", 31 0, v0x55ada1fdc350_0;  1 drivers
v0x55ada1fdc040_0 .net "b", 31 0, v0x55ada1fdc430_0;  1 drivers
v0x55ada1fdc120_0 .net "sel", 0 0, v0x55ada1fdc600_0;  1 drivers
v0x55ada1fdc1c0_0 .net "y", 31 0, L_0x55ada1fdc6d0;  alias, 1 drivers
L_0x55ada1fdc6d0 .functor MUXZ 32, v0x55ada1fdc430_0, v0x55ada1fdc350_0, v0x55ada1fdc600_0, C4<>;
    .scope S_0x55ada1fbbcc0;
T_0 ;
    %pushi/vec4 10, 0, 32;
    %store/vec4 v0x55ada1fdc350_0, 0, 32;
    %pushi/vec4 21, 0, 32;
    %store/vec4 v0x55ada1fdc430_0, 0, 32;
    %pushi/vec4 1, 0, 1;
    %store/vec4 v0x55ada1fdc600_0, 0, 1;
    %delay 10000, 0;
    %pushi/vec4 0, 0, 32;
    %store/vec4 v0x55ada1fdc350_0, 0, 32;
    %delay 10000, 0;
    %pushi/vec4 1, 0, 1;
    %store/vec4 v0x55ada1fdc600_0, 0, 1;
    %delay 10000, 0;
    %pushi/vec4 31, 0, 32;
    %store/vec4 v0x55ada1fdc430_0, 0, 32;
    %delay 5000, 0;
    %pushi/vec4 5, 0, 32;
    %store/vec4 v0x55ada1fdc350_0, 0, 32;
    %delay 5000, 0;
    %pushi/vec4 0, 0, 1;
    %store/vec4 v0x55ada1fdc600_0, 0, 1;
    %pushi/vec4 29, 0, 32;
    %store/vec4 v0x55ada1fdc430_0, 0, 32;
    %delay 5000, 0;
    %pushi/vec4 1, 1, 1;
    %store/vec4 v0x55ada1fdc600_0, 0, 1;
    %end;
    .thread T_0;
    .scope S_0x55ada1fbbcc0;
T_1 ;
    %wait E_0x55ada1fb4820;
    %delay 1000, 0;
    %vpi_call 2 38 "$display", "At t = %0d sel = %b B = %b Y = %b", $time, v0x55ada1fdc600_0, v0x55ada1fdc350_0, v0x55ada1fdc430_0, v0x55ada1fdc500_0 {0 0 0};
    %jmp T_1;
    .thread T_1, $push;
# The file index is used to find the file name in the following table.
:file_names 4;
    "N/A";
    "<interactive>";
    "test_mux5.v";
    "./mux_5.v";
